<?xml version="1.0" encoding="UTF-8"?>
<!-- Generated by org.testng.reporters.JUnitReportReporter -->
<testsuite skipped="0" hostname="Keyutechs-MacBook-Pro.local" name="Smoke_Test.Login" tests="1" failures="0" timestamp="2020-11-03T12:37:23 IST" time="48.872" errors="0">
  <testcase name="Single_Card" time="48.872" classname="Smoke_Test.Login"/>
  <system-out/>
</testsuite> <!-- Smoke_Test.Login -->
