<?xml version="1.0" encoding="UTF-8"?>
<!-- Generated by org.testng.reporters.JUnitReportReporter -->
<testsuite skipped="0" hostname="Keyutechs-MacBook-Pro.local" name="Smoke_Test.Single_Card_Creation" tests="1" failures="0" timestamp="2020-11-03T13:07:22 IST" time="50.090" errors="0">
  <testcase name="Single_Card" time="50.090" classname="Smoke_Test.Single_Card_Creation"/>
  <system-out/>
</testsuite> <!-- Smoke_Test.Single_Card_Creation -->
